<?xml version="1.0" encoding="UTF-8"?>
<!-- Generated by org.testng.reporters.JUnitXMLReporter -->
<testsuite ignored="0" hostname="TG-LAP-44" failures="0" tests="2" name="ClaimReferralWithManageReferral" time="310.52" errors="0" timestamp="2025-02-17T15:44:25 IST">
  <testcase classname="Runners.TestRunner" name="runCucumberTests" time="0.004"/>
  <testcase classname="io.cucumber.testng.AbstractTestNGCucumberTests" name="runScenario" time="307.306"/>
</testsuite> <!-- ClaimReferralWithManageReferral -->
