<?xml version="1.0" encoding="UTF-8"?>
<testng-results ignored="0" total="2" passed="2" failed="0" skipped="0">
  <reporter-output>
  </reporter-output>
  <suite started-at="2025-01-08T14:24:51 IST" name="Surefire suite" finished-at="2025-01-08T14:25:25 IST" duration-ms="34156">
    <groups>
      <group name="cucumber">
        <method signature="AbstractTestNGCucumberTests.runScenario(io.cucumber.testng.PickleWrapper,io.cucumber.testng.FeatureWrapper)[pri:0, instance:Runners.TestRunner@496bc455]" name="runScenario" class="io.cucumber.testng.AbstractTestNGCucumberTests"/>
      </group> <!-- cucumber -->
    </groups>
    <test started-at="2025-01-08T14:24:51 IST" name="Surefire test" finished-at="2025-01-08T14:25:25 IST" duration-ms="34156">
      <class name="Runners.TestRunner">
        <test-method is-config="true" signature="setUpClass(org.testng.ITestContext)[pri:0, instance:Runners.TestRunner@496bc455]" started-at="2025-01-08T14:24:51 IST" name="setUpClass" finished-at="2025-01-08T14:24:52 IST" duration-ms="548" status="PASS">
          <params>
            <param index="0">
              <value>
                <![CDATA[org.testng.TestRunner@4af7dd6a]]>
              </value>
            </param>
          </params>
          <reporter-output>
          </reporter-output>
        </test-method> <!-- setUpClass -->
        <test-method signature="runCucumberTests()[pri:0, instance:Runners.TestRunner@496bc455]" started-at="2025-01-08T14:24:52 IST" name="runCucumberTests" finished-at="2025-01-08T14:24:52 IST" duration-ms="0" status="PASS">
          <reporter-output>
          </reporter-output>
        </test-method> <!-- runCucumberTests -->
        <test-method signature="runScenario(io.cucumber.testng.PickleWrapper,io.cucumber.testng.FeatureWrapper)[pri:0, instance:Runners.TestRunner@496bc455]" started-at="2025-01-08T14:24:52 IST" name="runScenario" description="Runs Cucumber Scenarios" data-provider="scenarios" finished-at="2025-01-08T14:25:25 IST" duration-ms="33197" status="PASS">
          <params>
            <param index="0">
              <value>
                <![CDATA["Invalid login credentials"]]>
              </value>
            </param>
            <param index="1">
              <value>
                <![CDATA["Claim Referral Creation (Negative Scenarios)"]]>
              </value>
            </param>
          </params>
          <reporter-output>
          </reporter-output>
        </test-method> <!-- runScenario -->
        <test-method is-config="true" signature="tearDownClass()[pri:0, instance:Runners.TestRunner@496bc455]" started-at="2025-01-08T14:25:25 IST" name="tearDownClass" finished-at="2025-01-08T14:25:25 IST" duration-ms="366" status="PASS">
          <reporter-output>
          </reporter-output>
        </test-method> <!-- tearDownClass -->
      </class> <!-- Runners.TestRunner -->
    </test> <!-- Surefire test -->
  </suite> <!-- Surefire suite -->
</testng-results>
