<?xml version="1.0" encoding="UTF-8"?>
<testng-results ignored="0" total="2" passed="2" failed="0" skipped="0">
  <reporter-output>
  </reporter-output>
  <suite started-at="2025-02-25T13:41:16 IST" name="Default suite" finished-at="2025-02-25T13:42:40 IST" duration-ms="83674">
    <groups>
      <group name="cucumber">
        <method signature="AbstractTestNGCucumberTests.runScenario(io.cucumber.testng.PickleWrapper,io.cucumber.testng.FeatureWrapper)[pri:0, instance:com.runners.TestRunner@165b2f7f]" name="runScenario" class="io.cucumber.testng.AbstractTestNGCucumberTests"/>
      </group> <!-- cucumber -->
    </groups>
    <test started-at="2025-02-25T13:41:16 IST" name="Default test" finished-at="2025-02-25T13:42:40 IST" duration-ms="83674">
      <class name="com.runners.TestRunner">
        <test-method is-config="true" signature="setUpClass(org.testng.ITestContext)[pri:0, instance:com.runners.TestRunner@165b2f7f]" started-at="2025-02-25T13:41:16 IST" name="setUpClass" finished-at="2025-02-25T13:41:17 IST" duration-ms="485" status="PASS">
          <params>
            <param index="0">
              <value>
                <![CDATA[org.testng.TestRunner@1e8bccfb]]>
              </value>
            </param>
          </params>
          <reporter-output>
          </reporter-output>
        </test-method> <!-- setUpClass -->
        <test-method signature="runCucumberTests()[pri:0, instance:com.runners.TestRunner@165b2f7f]" started-at="2025-02-25T13:41:17 IST" name="runCucumberTests" finished-at="2025-02-25T13:41:17 IST" duration-ms="4" status="PASS">
          <reporter-output>
          </reporter-output>
        </test-method> <!-- runCucumberTests -->
        <test-method signature="runScenario(io.cucumber.testng.PickleWrapper,io.cucumber.testng.FeatureWrapper)[pri:0, instance:com.runners.TestRunner@165b2f7f]" started-at="2025-02-25T13:41:17 IST" name="runScenario" description="Runs Cucumber Scenarios" data-provider="scenarios" finished-at="2025-02-25T13:42:38 IST" duration-ms="81331" status="PASS">
          <params>
            <param index="0">
              <value>
                <![CDATA["Verify Email valid under both company and person"]]>
              </value>
            </param>
            <param index="1">
              <value>
                <![CDATA["Claim Intelligence Creation"]]>
              </value>
            </param>
          </params>
          <reporter-output>
          </reporter-output>
        </test-method> <!-- runScenario -->
        <test-method is-config="true" signature="tearDownClass()[pri:0, instance:com.runners.TestRunner@165b2f7f]" started-at="2025-02-25T13:42:38 IST" name="tearDownClass" finished-at="2025-02-25T13:42:40 IST" duration-ms="1812" status="PASS">
          <reporter-output>
          </reporter-output>
        </test-method> <!-- tearDownClass -->
      </class> <!-- com.runners.TestRunner -->
    </test> <!-- Default test -->
  </suite> <!-- Default suite -->
</testng-results>
